#! /c/Source/iverilog-install/bin/vvp
:ivl_version "12.0 (devel)" "(s20150603-1539-g2693dd32b)";
:ivl_delay_selection "TYPICAL";
:vpi_time_precision + 0;
:vpi_module "C:\iverilog\lib\ivl\system.vpi";
:vpi_module "C:\iverilog\lib\ivl\vhdl_sys.vpi";
:vpi_module "C:\iverilog\lib\ivl\vhdl_textio.vpi";
:vpi_module "C:\iverilog\lib\ivl\v2005_math.vpi";
:vpi_module "C:\iverilog\lib\ivl\va_math.vpi";
S_0000021d0b672ce0 .scope module, "restador_binario" "restador_binario" 2 1;
 .timescale 0 0;
    .port_info 0 /INPUT 4 "A";
    .port_info 1 /INPUT 4 "B";
    .port_info 2 /OUTPUT 4 "Resultado";
    .port_info 3 /OUTPUT 1 "Borrow";
o0000021d0b6a6fd8 .functor BUFZ 4, C4<zzzz>; HiZ drive
v0000021d0b6734b0_0 .net "A", 3 0, o0000021d0b6a6fd8;  0 drivers
o0000021d0b6a7008 .functor BUFZ 4, C4<zzzz>; HiZ drive
v0000021d0b65ef00_0 .net "B", 3 0, o0000021d0b6a7008;  0 drivers
v0000021d0b672e70_0 .net "Borrow", 0 0, L_0000021d0b6a3230;  1 drivers
v0000021d0b672f10_0 .net "Resultado", 3 0, L_0000021d0b6a32d0;  1 drivers
L_0000021d0b6ebc80 .functor BUFT 1, C4<0>, C4<0>, C4<0>, C4<0>;
v0000021d0b672fb0_0 .net *"_ivl_10", 0 0, L_0000021d0b6ebc80;  1 drivers
v0000021d0b673050_0 .net *"_ivl_11", 4 0, L_0000021d0b6a3b40;  1 drivers
v0000021d0b6a3050_0 .net *"_ivl_3", 4 0, L_0000021d0b6a3370;  1 drivers
L_0000021d0b6ebc38 .functor BUFT 1, C4<0>, C4<0>, C4<0>, C4<0>;
v0000021d0b6a30f0_0 .net *"_ivl_6", 0 0, L_0000021d0b6ebc38;  1 drivers
v0000021d0b6a3190_0 .net *"_ivl_7", 4 0, L_0000021d0b6a3410;  1 drivers
L_0000021d0b6a3230 .part L_0000021d0b6a3b40, 4, 1;
L_0000021d0b6a32d0 .part L_0000021d0b6a3b40, 0, 4;
L_0000021d0b6a3370 .concat [ 4 1 0 0], o0000021d0b6a6fd8, L_0000021d0b6ebc38;
L_0000021d0b6a3410 .concat [ 4 1 0 0], o0000021d0b6a7008, L_0000021d0b6ebc80;
L_0000021d0b6a3b40 .arith/sub 5, L_0000021d0b6a3370, L_0000021d0b6a3410;
# The file index is used to find the file name in the following table.
:file_names 3;
    "N/A";
    "<interactive>";
    "Restador\restadorb.v";
